[debug] [2022-11-17T03:51:33.607Z] ----------------------------------------------------------------------
[debug] [2022-11-17T03:51:33.608Z] Command:       C:\Program Files\nodejs\node.exe C:\Users\saind\AppData\Roaming\npm\node_modules\firebase-tools\lib\bin\firebase.js init
[debug] [2022-11-17T03:51:33.609Z] CLI Version:   11.16.1
[debug] [2022-11-17T03:51:33.609Z] Platform:      win32
[debug] [2022-11-17T03:51:33.609Z] Node Version:  v16.16.0
[debug] [2022-11-17T03:51:33.610Z] Time:          Thu Nov 17 2022 09:21:33 GMT+0530 (India Standard Time)
[debug] [2022-11-17T03:51:33.611Z] ----------------------------------------------------------------------
[debug] 
[debug] [2022-11-17T03:51:33.682Z] > command requires scopes: ["email","openid","https://www.googleapis.com/auth/cloudplatformprojects.readonly","https://www.googleapis.com/auth/firebase","https://www.googleapis.com/auth/cloud-platform"]
[debug] [2022-11-17T03:51:33.683Z] > authorizing via signed-in user (saindlasrikanth143@gmail.com)
[info] 
     ######## #### ########  ######## ########     ###     ######  ########
     ##        ##  ##     ## ##       ##     ##  ##   ##  ##       ##
     ######    ##  ########  ######   ########  #########  ######  ######
     ##        ##  ##    ##  ##       ##     ## ##     ##       ## ##
     ##       #### ##     ## ######## ########  ##     ##  ######  ########

You're about to initialize a Firebase project in this directory:

  C:\Users\saind\Desktop\vs projects\GYM App\gym_app

Before we get started, keep in mind:

  * You are initializing within an existing Firebase project directory

